2025.01.17 14:14:45 INFO  Started: Metals version 1.4.2 in folders 'C:\Users\Me\Desktop\csvprocessor' for client Visual Studio Code 1.96.4.
2025.01.17 14:14:45 INFO  no build target found for C:\Users\Me\Desktop\csvprocessor\csvprocessor\src\main\scala\Main.scala. Using presentation compiler with project's scala-library version: 3.3.4
Jan 17, 2025 2:14:47 PM org.eclipse.lsp4j.jsonrpc.RemoteEndpoint handleCancellation
WARNING: Unmatched cancel notification for request id 1
Jan 17, 2025 2:14:47 PM org.eclipse.lsp4j.jsonrpc.RemoteEndpoint handleCancellation
WARNING: Unmatched cancel notification for request id 6
Jan 17, 2025 2:14:47 PM org.eclipse.lsp4j.jsonrpc.RemoteEndpoint handleCancellation
WARNING: Unmatched cancel notification for request id 2
2025.01.17 14:14:50 INFO  running 'C:\Program Files\Java\jdk-17\bin\java.exe -Djline.terminal=jline.UnsupportedTerminal -Dsbt.log.noformat=true -Dfile.encoding=UTF-8 -jar C:\Users\Me\AppData\Local\Temp\metals3087372049670965966\sbt-launch.jar -Dbloop.export-jar-classifiers=sources bloopInstall'
2025.01.17 14:14:52 INFO  [info] welcome to sbt 1.10.7 (Oracle Corporation Java 17.0.11)
2025.01.17 14:14:54 INFO  [info] loading settings for project csvprocessor-build-build from metals.sbt...
2025.01.17 14:14:54 INFO  [info] loading project definition from C:\Users\Me\Desktop\csvprocessor\csvprocessor\project\project
2025.01.17 14:14:56 INFO  [info] loading settings for project csvprocessor-build from metals.sbt...
2025.01.17 14:14:56 INFO  [info] loading project definition from C:\Users\Me\Desktop\csvprocessor\csvprocessor\project
2025.01.17 14:14:59 INFO  no build target found for C:\Users\Me\Desktop\csvprocessor\csvprocessor\src\main\scala\Main.scala. Using presentation compiler with project's scala-library version: 3.3.4
2025.01.17 14:15:00 INFO  [success] Generated .bloop\csvprocessor-build.json
2025.01.17 14:15:00 INFO  [success] Total time: 3 s, completed Jan 17, 2025, 2:15:00 PM
2025.01.17 14:15:01 INFO  [info] loading settings for project root from build.sbt...
2025.01.17 14:15:01 INFO  [info] set current project to Scala 3 Project Template (in build file:/C:/Users/Me/Desktop/csvprocessor/csvprocessor/)
2025.01.17 14:15:05 INFO  [success] Generated .bloop\root.json
2025.01.17 14:15:05 INFO  [success] Generated .bloop\root-test.json
2025.01.17 14:15:05 INFO  [success] Total time: 4 s, completed Jan 17, 2025, 2:15:05 PM
2025.01.17 14:15:05 INFO  time: ran 'sbt bloopInstall' in 14s
2025.01.17 14:15:05 INFO  Attempting to connect to the build server...
2025.01.17 14:15:05 INFO  No running Bloop server found, starting one.
2025.01.17 14:15:08 INFO  Starting compilation server
2025.01.17 14:15:10 INFO  tracing is disabled for protocol BSP, to enable tracing of incoming and outgoing JSON messages create an empty file at C:\Users\Me\Desktop\csvprocessor\.metals\bsp.trace.json or C:\Users\Me\AppData\Local\scalameta\metals\cache\bsp.trace.json
2025.01.17 14:15:10 INFO  time: Connected to build server in 5.11s
2025.01.17 14:15:10 INFO  Connected to Build server: Bloop v2.0.6
2025.01.17 14:15:10 INFO  time: Imported build in 0.12s
2025.01.17 14:15:10 INFO  running doctor check
2025.01.17 14:15:10 INFO  java targets: root, root-test
2025.01.17 14:15:20 INFO  time: indexed workspace in 10s
2025.01.17 14:15:21 INFO  compiling root (1 scala source)
2025.01.17 14:15:24 INFO  compiling root-test (1 scala source)
2025.01.17 14:15:24 INFO  time: compiled root in 3.24s
2025.01.17 14:15:24 INFO  time: compiled root-test in 0.98s
2025.01.17 14:15:43 INFO  compiling root (1 scala source)
2025.01.17 14:15:43 INFO  time: compiled root in 0.21s
2025.01.17 14:16:34 INFO  compiling root (2 scala sources)
2025.01.17 14:16:34 INFO  time: compiled root in 0.34s
2025.01.17 14:16:43 INFO  compiling root (2 scala sources)
2025.01.17 14:16:43 INFO  time: compiled root in 0.58s
Jan 17, 2025 2:17:24 PM org.eclipse.lsp4j.jsonrpc.services.GenericEndpoint notify
INFO: Unsupported notification method: $/setTrace
